<?xml version="1.0" encoding="UTF-8"?>
<testng-results ignored="0" total="1" passed="1" failed="0" skipped="0">
  <reporter-output>
  </reporter-output>
  <suite started-at="2022-09-02T09:20:45 IST" name="Default suite" finished-at="2022-09-02T09:20:57 IST" duration-ms="11853">
    <groups>
      <group name="cucumber">
        <method signature="AbstractTestNGCucumberTests.runScenario(io.cucumber.testng.PickleWrapper,io.cucumber.testng.FeatureWrapper)[pri:0, instance:in.swiggy.testscript.TestRunner@25ce9dc4]" name="runScenario" class="io.cucumber.testng.AbstractTestNGCucumberTests"/>
      </group> <!-- cucumber -->
    </groups>
    <test started-at="2022-09-02T09:20:45 IST" name="Default test" finished-at="2022-09-02T09:20:57 IST" duration-ms="11853">
      <class name="in.swiggy.testscript.TestRunner">
        <test-method is-config="true" signature="setUpClass(org.testng.ITestContext)[pri:0, instance:in.swiggy.testscript.TestRunner@25ce9dc4]" started-at="2022-09-02T09:20:45 IST" name="setUpClass" finished-at="2022-09-02T09:20:45 IST" duration-ms="459" status="PASS">
          <params>
            <param index="0">
              <value>
                <![CDATA[org.testng.TestRunner@f8a6243]]>
              </value>
            </param>
          </params>
          <reporter-output>
          </reporter-output>
        </test-method> <!-- setUpClass -->
        <test-method signature="runScenario(io.cucumber.testng.PickleWrapper,io.cucumber.testng.FeatureWrapper)[pri:0, instance:in.swiggy.testscript.TestRunner@25ce9dc4]" started-at="2022-09-02T09:20:45 IST" name="runScenario" description="Runs Cucumber Scenarios" data-provider="scenarios" finished-at="2022-09-02T09:20:57 IST" duration-ms="11260" status="PASS">
          <params>
            <param index="0">
              <value>
                <![CDATA["A user should be able to add food to cart"]]>
              </value>
            </param>
            <param index="1">
              <value>
                <![CDATA["Food Order"]]>
              </value>
            </param>
          </params>
          <reporter-output>
          </reporter-output>
        </test-method> <!-- runScenario -->
        <test-method is-config="true" signature="tearDownClass()[pri:0, instance:in.swiggy.testscript.TestRunner@25ce9dc4]" started-at="2022-09-02T09:20:57 IST" name="tearDownClass" finished-at="2022-09-02T09:20:57 IST" duration-ms="100" status="PASS">
          <reporter-output>
          </reporter-output>
        </test-method> <!-- tearDownClass -->
      </class> <!-- in.swiggy.testscript.TestRunner -->
    </test> <!-- Default test -->
  </suite> <!-- Default suite -->
</testng-results>
