<?xml version="1.0" encoding="UTF-8"?>
<testng-results ignored="0" total="1" passed="1" failed="0" skipped="0">
  <reporter-output>
  </reporter-output>
  <suite started-at="2022-09-02T11:06:54 IST" name="Suite" finished-at="2022-09-02T11:07:05 IST" duration-ms="10933">
    <groups>
      <group name="cucumber">
        <method signature="AbstractTestNGCucumberTests.runScenario(io.cucumber.testng.PickleWrapper,io.cucumber.testng.FeatureWrapper)[pri:0, instance:in.swiggy.testscript.TestRunner@25ce9dc4]" name="runScenario" class="io.cucumber.testng.AbstractTestNGCucumberTests"/>
      </group> <!-- cucumber -->
    </groups>
    <test started-at="2022-09-02T11:06:54 IST" name="Test" finished-at="2022-09-02T11:07:05 IST" duration-ms="10933">
      <class name="in.swiggy.testscript.TestRunner">
        <test-method is-config="true" signature="setUpClass(org.testng.ITestContext)[pri:0, instance:in.swiggy.testscript.TestRunner@25ce9dc4]" started-at="2022-09-02T11:06:54 IST" name="setUpClass" finished-at="2022-09-02T11:06:54 IST" duration-ms="341" status="PASS">
          <params>
            <param index="0">
              <value>
                <![CDATA[org.testng.TestRunner@2007435e]]>
              </value>
            </param>
          </params>
          <reporter-output>
          </reporter-output>
        </test-method> <!-- setUpClass -->
        <test-method signature="runScenario(io.cucumber.testng.PickleWrapper,io.cucumber.testng.FeatureWrapper)[pri:0, instance:in.swiggy.testscript.TestRunner@25ce9dc4]" started-at="2022-09-02T11:06:54 IST" name="runScenario" description="Runs Cucumber Scenarios" data-provider="scenarios" finished-at="2022-09-02T11:07:04 IST" duration-ms="10542" status="PASS">
          <params>
            <param index="0">
              <value>
                <![CDATA["A user should be able to add food to cart"]]>
              </value>
            </param>
            <param index="1">
              <value>
                <![CDATA["Food Order"]]>
              </value>
            </param>
          </params>
          <reporter-output>
          </reporter-output>
        </test-method> <!-- runScenario -->
        <test-method is-config="true" signature="tearDownClass()[pri:0, instance:in.swiggy.testscript.TestRunner@25ce9dc4]" started-at="2022-09-02T11:07:04 IST" name="tearDownClass" finished-at="2022-09-02T11:07:04 IST" duration-ms="16" status="PASS">
          <reporter-output>
          </reporter-output>
        </test-method> <!-- tearDownClass -->
      </class> <!-- in.swiggy.testscript.TestRunner -->
    </test> <!-- Test -->
  </suite> <!-- Suite -->
</testng-results>
